The system is: Windows - 10.0.22621 - AMD64
Compiling the C compiler identification source file "CMakeCCompilerId.c" succeeded.
Compiler:  
Build flags: 
Id flags:  

The output was:
0
.NET Framework용 Microsoft (R) Build Engine 버전 16.11.2+f32259642
Copyright (C) Microsoft Corporation. All rights reserved.

빌드 시작: 2023-02-08 오후 5:51:03
1 노드의 "C:\Users\byh71\OneDrive\바탕 화면\opensmile\build\CMakeFiles\3.25.2\CompilerIdC\CompilerIdC.vcxproj" 프로젝트(기본 대상)입니다.
PrepareForBuild:
  "Debug\" 디렉터리를 만들고 있습니다.
  "Debug\CompilerIdC.tlog\" 디렉터리를 만들고 있습니다.
InitializeBuildStatus:
  "AlwaysCreate"이(가) 지정되었기 때문에 "Debug\CompilerIdC.tlog\unsuccessfulbuild"을(를) 만들고 있습니다.
VcpkgTripletSelection:
  Using triplet "x64-windows" from "C:\Users\byh71\vcpkg\installed\x64-windows\"
  Using normalized configuration "Release"
ClCompile:
  C:\Program Files (x86)\Microsoft Visual Studio\2019\Enterprise\VC\Tools\MSVC\14.29.30133\bin\HostX64\x64\CL.exe /c /I"C:\Users\byh71\vcpkg\installed\x64-windows\include" /nologo /W0 /WX- /diagnostics:column /Od /D _MBCS /Gm- /EHsc /RTC1 /MDd /GS /fp:precise /Zc:wchar_t /Zc:forScope /Zc:inline /Fo"Debug\\" /Fd"Debug\vc142.pdb" /external:W0 /Gd /TC /FC /errorReport:queue CMakeCCompilerId.c
  CMakeCCompilerId.c
Link:
  C:\Program Files (x86)\Microsoft Visual Studio\2019\Enterprise\VC\Tools\MSVC\14.29.30133\bin\HostX64\x64\link.exe /ERRORREPORT:QUEUE /OUT:".\CompilerIdC.exe" /INCREMENTAL:NO /NOLOGO /LIBPATH:"C:\Users\byh71\vcpkg\installed\x64-windows\lib" /LIBPATH:"C:\Users\byh71\vcpkg\installed\x64-windows\lib\manual-link" kernel32.lib user32.lib gdi32.lib winspool.lib comdlg32.lib advapi32.lib shell32.lib ole32.lib oleaut32.lib uuid.lib odbc32.lib odbccp32.lib "C:\Users\byh71\vcpkg\installed\x64-windows\lib\*.lib" /MANIFEST /MANIFESTUAC:"level='asInvoker' uiAccess='false'" /manifest:embed /PDB:".\CompilerIdC.pdb" /SUBSYSTEM:CONSOLE /TLBID:1 /DYNAMICBASE /NXCOMPAT /IMPLIB:".\CompilerIdC.lib" /MACHINE:X64 Debug\CMakeCCompilerId.obj
  CompilerIdC.vcxproj -> C:\Users\byh71\OneDrive\바탕 화면\opensmile\build\CMakeFiles\3.25.2\CompilerIdC\CompilerIdC.exe
AppLocalFromInstalled:
  pwsh.exe -ExecutionPolicy Bypass -noprofile -File "C:\Users\byh71\vcpkg\scripts\buildsystems\msbuild\applocal.ps1" "C:\Users\byh71\OneDrive\바탕 화면\opensmile\build\CMakeFiles\3.25.2\CompilerIdC\CompilerIdC.exe" "C:\Users\byh71\vcpkg\installed\x64-windows\bin" "Debug\CompilerIdC.tlog\CompilerIdC.write.1u.tlog" "Debug\vcpkg.applocal.log"
  'pwsh.exe'은(는) 내부 또는 외부 명령, 실행할 수 있는 프로그램, 또는
  배치 파일이 아닙니다.
  "pwsh.exe -ExecutionPolicy Bypass -noprofile -File "C:\Users\byh71\vcpkg\scripts\buildsystems\msbuild\applocal.ps1" "C:\Users\byh71\OneDrive\바탕 화면\opensmile\build\CMakeFiles\3.25.2\CompilerIdC\CompilerIdC.exe" "C:\Users\byh71\vcpkg\installed\x64-windows\bin" "Debug\CompilerIdC.tlog\CompilerIdC.write.1u.tlog" "Debug\vcpkg.applocal.log"" 명령이 종료되었습니다(코드: 9009).
  "C:\WINDOWS\System32\WindowsPowerShell\v1.0\powershell.exe" -ExecutionPolicy Bypass -noprofile -File "C:\Users\byh71\vcpkg\scripts\buildsystems\msbuild\applocal.ps1" "C:\Users\byh71\OneDrive\바탕 화면\opensmile\build\CMakeFiles\3.25.2\CompilerIdC\CompilerIdC.exe" "C:\Users\byh71\vcpkg\installed\x64-windows\bin" "Debug\CompilerIdC.tlog\CompilerIdC.write.1u.tlog" "Debug\vcpkg.applocal.log"
PostBuildEvent:
  for %%i in (cl.exe) do @echo CMAKE_C_COMPILER=%%~$PATH:i
  :VCEnd
  CMAKE_C_COMPILER=C:\Program Files (x86)\Microsoft Visual Studio\2019\Enterprise\VC\Tools\MSVC\14.29.30133\bin\Hostx64\x64\cl.exe
FinalizeBuildStatus:
  "Debug\CompilerIdC.tlog\unsuccessfulbuild" 파일을 삭제하고 있습니다.
  "Debug\CompilerIdC.tlog\CompilerIdC.lastbuildstate"에 연결(touching)하고 있습니다.
"C:\Users\byh71\OneDrive\바탕 화면\opensmile\build\CMakeFiles\3.25.2\CompilerIdC\CompilerIdC.vcxproj" 프로젝트를 빌드했습니다(기본 대상).

빌드했습니다.
    경고 0개
    오류 0개

경과 시간: 00:00:02.20


Compilation of the C compiler identification source "CMakeCCompilerId.c" produced "CompilerIdC.exe"

Compilation of the C compiler identification source "CMakeCCompilerId.c" produced "CompilerIdC.vcxproj"

The C compiler identification is MSVC, found in "C:/Users/byh71/OneDrive/바탕 화면/opensmile/build/CMakeFiles/3.25.2/CompilerIdC/CompilerIdC.exe"

Compiling the CXX compiler identification source file "CMakeCXXCompilerId.cpp" succeeded.
Compiler:  
Build flags: 
Id flags:  

The output was:
0
.NET Framework용 Microsoft (R) Build Engine 버전 16.11.2+f32259642
Copyright (C) Microsoft Corporation. All rights reserved.

빌드 시작: 2023-02-08 오후 5:51:05
1 노드의 "C:\Users\byh71\OneDrive\바탕 화면\opensmile\build\CMakeFiles\3.25.2\CompilerIdCXX\CompilerIdCXX.vcxproj" 프로젝트(기본 대상)입니다.
PrepareForBuild:
  "Debug\" 디렉터리를 만들고 있습니다.
  "Debug\CompilerIdCXX.tlog\" 디렉터리를 만들고 있습니다.
InitializeBuildStatus:
  "AlwaysCreate"이(가) 지정되었기 때문에 "Debug\CompilerIdCXX.tlog\unsuccessfulbuild"을(를) 만들고 있습니다.
VcpkgTripletSelection:
  Using triplet "x64-windows" from "C:\Users\byh71\vcpkg\installed\x64-windows\"
  Using normalized configuration "Release"
ClCompile:
  C:\Program Files (x86)\Microsoft Visual Studio\2019\Enterprise\VC\Tools\MSVC\14.29.30133\bin\HostX64\x64\CL.exe /c /I"C:\Users\byh71\vcpkg\installed\x64-windows\include" /nologo /W0 /WX- /diagnostics:column /Od /D _MBCS /Gm- /EHsc /RTC1 /MDd /GS /fp:precise /Zc:wchar_t /Zc:forScope /Zc:inline /Fo"Debug\\" /Fd"Debug\vc142.pdb" /external:W0 /Gd /TP /FC /errorReport:queue CMakeCXXCompilerId.cpp
  CMakeCXXCompilerId.cpp
Link:
  C:\Program Files (x86)\Microsoft Visual Studio\2019\Enterprise\VC\Tools\MSVC\14.29.30133\bin\HostX64\x64\link.exe /ERRORREPORT:QUEUE /OUT:".\CompilerIdCXX.exe" /INCREMENTAL:NO /NOLOGO /LIBPATH:"C:\Users\byh71\vcpkg\installed\x64-windows\lib" /LIBPATH:"C:\Users\byh71\vcpkg\installed\x64-windows\lib\manual-link" kernel32.lib user32.lib gdi32.lib winspool.lib comdlg32.lib advapi32.lib shell32.lib ole32.lib oleaut32.lib uuid.lib odbc32.lib odbccp32.lib "C:\Users\byh71\vcpkg\installed\x64-windows\lib\*.lib" /MANIFEST /MANIFESTUAC:"level='asInvoker' uiAccess='false'" /manifest:embed /PDB:".\CompilerIdCXX.pdb" /SUBSYSTEM:CONSOLE /TLBID:1 /DYNAMICBASE /NXCOMPAT /IMPLIB:".\CompilerIdCXX.lib" /MACHINE:X64 Debug\CMakeCXXCompilerId.obj
  CompilerIdCXX.vcxproj -> C:\Users\byh71\OneDrive\바탕 화면\opensmile\build\CMakeFiles\3.25.2\CompilerIdCXX\CompilerIdCXX.exe
AppLocalFromInstalled:
  pwsh.exe -ExecutionPolicy Bypass -noprofile -File "C:\Users\byh71\vcpkg\scripts\buildsystems\msbuild\applocal.ps1" "C:\Users\byh71\OneDrive\바탕 화면\opensmile\build\CMakeFiles\3.25.2\CompilerIdCXX\CompilerIdCXX.exe" "C:\Users\byh71\vcpkg\installed\x64-windows\bin" "Debug\CompilerIdCXX.tlog\CompilerIdCXX.write.1u.tlog" "Debug\vcpkg.applocal.log"
  'pwsh.exe'은(는) 내부 또는 외부 명령, 실행할 수 있는 프로그램, 또는
  배치 파일이 아닙니다.
  "pwsh.exe -ExecutionPolicy Bypass -noprofile -File "C:\Users\byh71\vcpkg\scripts\buildsystems\msbuild\applocal.ps1" "C:\Users\byh71\OneDrive\바탕 화면\opensmile\build\CMakeFiles\3.25.2\CompilerIdCXX\CompilerIdCXX.exe" "C:\Users\byh71\vcpkg\installed\x64-windows\bin" "Debug\CompilerIdCXX.tlog\CompilerIdCXX.write.1u.tlog" "Debug\vcpkg.applocal.log"" 명령이 종료되었습니다(코드: 9009).
  "C:\WINDOWS\System32\WindowsPowerShell\v1.0\powershell.exe" -ExecutionPolicy Bypass -noprofile -File "C:\Users\byh71\vcpkg\scripts\buildsystems\msbuild\applocal.ps1" "C:\Users\byh71\OneDrive\바탕 화면\opensmile\build\CMakeFiles\3.25.2\CompilerIdCXX\CompilerIdCXX.exe" "C:\Users\byh71\vcpkg\installed\x64-windows\bin" "Debug\CompilerIdCXX.tlog\CompilerIdCXX.write.1u.tlog" "Debug\vcpkg.applocal.log"
PostBuildEvent:
  for %%i in (cl.exe) do @echo CMAKE_CXX_COMPILER=%%~$PATH:i
  :VCEnd
  CMAKE_CXX_COMPILER=C:\Program Files (x86)\Microsoft Visual Studio\2019\Enterprise\VC\Tools\MSVC\14.29.30133\bin\Hostx64\x64\cl.exe
FinalizeBuildStatus:
  "Debug\CompilerIdCXX.tlog\unsuccessfulbuild" 파일을 삭제하고 있습니다.
  "Debug\CompilerIdCXX.tlog\CompilerIdCXX.lastbuildstate"에 연결(touching)하고 있습니다.
"C:\Users\byh71\OneDrive\바탕 화면\opensmile\build\CMakeFiles\3.25.2\CompilerIdCXX\CompilerIdCXX.vcxproj" 프로젝트를 빌드했습니다(기본 대상).

빌드했습니다.
    경고 0개
    오류 0개

경과 시간: 00:00:01.27


Compilation of the CXX compiler identification source "CMakeCXXCompilerId.cpp" produced "CompilerIdCXX.exe"

Compilation of the CXX compiler identification source "CMakeCXXCompilerId.cpp" produced "CompilerIdCXX.vcxproj"

The CXX compiler identification is MSVC, found in "C:/Users/byh71/OneDrive/바탕 화면/opensmile/build/CMakeFiles/3.25.2/CompilerIdCXX/CompilerIdCXX.exe"

Detecting C compiler ABI info compiled with the following output:
Change Dir: C:/Users/byh71/OneDrive/바탕 화면/opensmile/build/CMakeFiles/CMakeScratch/TryCompile-5fwa05

Run Build Command(s):C:/Program Files (x86)/Microsoft Visual Studio/2019/Enterprise/MSBuild/Current/Bin/MSBuild.exe cmTC_3b636.vcxproj /p:Configuration=Debug /p:Platform=x64 /p:VisualStudioVersion=16.0 /v:m && .NET Framework용 Microsoft (R) Build Engine 버전 16.11.2+f32259642
Copyright (C) Microsoft Corporation. All rights reserved.

  Microsoft (R) C/C++ 최적화 컴파일러 버전 19.29.30147(x64)
  Copyright (c) Microsoft Corporation. All rights reserved.
  CMakeCCompilerABI.c
  cl /c /Zi /W3 /WX- /diagnostics:column /Od /Ob0 /D _MBCS /D WIN32 /D _WINDOWS /D "CMAKE_INTDIR=\"Debug\"" /Gm- /RTC1 /MDd /GS /fp:precise /Zc:wchar_t /Zc:forScope /Zc:inline /Fo"cmTC_3b636.dir\Debug\\" /Fd"cmTC_3b636.dir\Debug\vc142.pdb" /external:W3 /Gd /TC /errorReport:queue "C:\Program Files\CMake\share\cmake-3.25\Modules\CMakeCCompilerABI.c"
  cmTC_3b636.vcxproj -> C:\Users\byh71\OneDrive\바탕 화면\opensmile\build\CMakeFiles\CMakeScratch\TryCompile-5fwa05\Debug\cmTC_3b636.exe



Detecting CXX compiler ABI info compiled with the following output:
Change Dir: C:/Users/byh71/OneDrive/바탕 화면/opensmile/build/CMakeFiles/CMakeScratch/TryCompile-csu7y5

Run Build Command(s):C:/Program Files (x86)/Microsoft Visual Studio/2019/Enterprise/MSBuild/Current/Bin/MSBuild.exe cmTC_e8b2a.vcxproj /p:Configuration=Debug /p:Platform=x64 /p:VisualStudioVersion=16.0 /v:m && .NET Framework용 Microsoft (R) Build Engine 버전 16.11.2+f32259642
Copyright (C) Microsoft Corporation. All rights reserved.

  Microsoft (R) C/C++ 최적화 컴파일러 버전 19.29.30147(x64)
  Copyright (c) Microsoft Corporation. All rights reserved.
  CMakeCXXCompilerABI.cpp
  cl /c /Zi /W3 /WX- /diagnostics:column /Od /Ob0 /D _MBCS /D WIN32 /D _WINDOWS /D "CMAKE_INTDIR=\"Debug\"" /Gm- /EHsc /RTC1 /MDd /GS /fp:precise /Zc:wchar_t /Zc:forScope /Zc:inline /GR /Fo"cmTC_e8b2a.dir\Debug\\" /Fd"cmTC_e8b2a.dir\Debug\vc142.pdb" /external:W3 /Gd /TP /errorReport:queue "C:\Program Files\CMake\share\cmake-3.25\Modules\CMakeCXXCompilerABI.cpp"
  cmTC_e8b2a.vcxproj -> C:\Users\byh71\OneDrive\바탕 화면\opensmile\build\CMakeFiles\CMakeScratch\TryCompile-csu7y5\Debug\cmTC_e8b2a.exe



